<?xml version="1.0" encoding="UTF-8"?>
<!-- Generated by org.testng.reporters.JUnitXMLReporter -->
<testsuite ignored="2" hostname="SeenaReddy" failures="1" tests="1" name="Test(failed)" time="0.082" errors="0" timestamp="2022-11-11T18:46:06 CST">
  <testcase classname="testNG.FBLogin" name="tc_03" time="0.023">
    <failure type="java.lang.NullPointerException" message="Cannot invoke &amp;quot;org.openqa.selenium.WebDriver.findElement(org.openqa.selenium.By)&amp;quot; because &amp;quot;this.driver&amp;quot; is null">
      <![CDATA[java.lang.NullPointerException: Cannot invoke "org.openqa.selenium.WebDriver.findElement(org.openqa.selenium.By)" because "this.driver" is null
at testNG.FBLogin.tc_03(FBLogin.java:35)
at java.base/java.util.ArrayList.forEach(ArrayList.java:1511)
... Removed 27 stack frames]]>
    </failure>
  </testcase> <!-- tc_03 -->
  <testcase classname="testNG.FBLogin" name="tc_01" time="0.0">
    <ignored/>
  </testcase> <!-- tc_01 -->
  <testcase classname="testNG.FBLogin" name="tc_02" time="0.0">
    <ignored/>
  </testcase> <!-- tc_02 -->
</testsuite> <!-- Test(failed) -->
