<?xml version="1.0" encoding="UTF-8"?>
<!-- Generated by org.testng.reporters.JUnitXMLReporter -->
<testsuite ignored="3" hostname="SeenaReddy" failures="0" tests="2" name="Test" time="0.115" errors="0" timestamp="2022-11-11T18:36:53 CST">
  <testcase classname="testNG.TestNG_Groups" name="tc_02" time="0.015"/>
  <testcase classname="testNG.TestNG_Groups" name="tc_03" time="0.002"/>
  <testcase classname="testNG.TestNG_Groups" name="tc_01" time="0.0">
    <ignored/>
  </testcase> <!-- tc_01 -->
  <testcase classname="testNG.TestNG_Groups" name="tc_05" time="0.0">
    <ignored/>
  </testcase> <!-- tc_05 -->
  <testcase classname="testNG.TestNG_Groups" name="tc_04" time="0.0">
    <ignored/>
  </testcase> <!-- tc_04 -->
</testsuite> <!-- Test -->
