<?xml version="1.0" encoding="UTF-8"?>
<!-- Generated by org.testng.reporters.JUnitXMLReporter -->
<testsuite ignored="0" hostname="SeenaReddy" failures="1" tests="9" name="Test" time="39.885" errors="0" timestamp="2022-11-11T18:43:07 CST">
  <testcase classname="testNG.FB_Login_Retesting_WithDataProvider" name="retest" time="1.484"/>
  <testcase classname="testNG.FB_Login_Retesting_WithDataProvider" name="retest" time="1.097"/>
  <testcase classname="testNG.FB_Login_Retesting_WithDataProvider" name="retest" time="0.897"/>
  <testcase classname="testNG.FB_Login_Retesting_WithDataProvider" name="retest1" time="0.002"/>
  <testcase classname="testNG.FB_Login_Retesting_WithDataProvider" name="retest1" time="0.001"/>
  <testcase classname="testNG.FBLogin" name="tc_01" time="3.557"/>
  <testcase classname="testNG.FBLogin" name="tc_02" time="0.471"/>
  <testcase classname="testNG.FBLogin" name="tc_03" time="11.107">
    <failure type="org.openqa.selenium.ElementClickInterceptedException" message="element click intercepted: Element &amp;lt;svg aria-label=&amp;quot;Your profile&amp;quot; class=&amp;quot;x3ajldb&amp;quot; data-visualcompletion=&amp;quot;ignore-dynamic&amp;quot; role=&amp;quot;img&amp;quot; style=&amp;quot;height:40px;width:40px&amp;quot;&amp;gt;...&amp;lt;/svg&amp;gt; is not clickable at point (1483, 28). Other element would receive the click: &amp;lt;div class=&amp;quot;x1uvtmcs x4k7w5x x1h91t0o x1beo9mf xaigb6o x12ejxvf x3igimt xarpa2k xedcshv x1lytzrv x1t2pt76 x7ja8zs x1n2onr6 x1qrby5j x1jfb8zj&amp;quot; tabindex=&amp;quot;-1&amp;quot;&amp;gt;...&amp;lt;/div&amp;gt;
  (Session info: chrome=107.0.5304.107)
Build info: version: &amp;apos;4.5.0&amp;apos;, revision: &amp;apos;fe167b119a&amp;apos;
System info: os.name: &amp;apos;Windows 11&amp;apos;, os.arch: &amp;apos;amd64&amp;apos;, os.version: &amp;apos;10.0&amp;apos;, java.version: &amp;apos;17.0.5&amp;apos;
Driver info: org.openqa.selenium.chrome.ChromeDriver
Command: [47dab1c18ef334f2622523200b7675e5, clickElement {id=3ba59cf0-beca-43cc-b4bd-287ee606eb29}]
Capabilities {acceptInsecureCerts: false, browserName: chrome, browserVersion: 107.0.5304.107, chrome: {chromedriverVersion: 107.0.5304.62 (1eec40d3a576..., userDataDir: C:\Users\nalla\AppData\Loca...}, goog:chromeOptions: {debuggerAddress: localhost:55726}, networkConnectionEnabled: false, pageLoadStrategy: normal, platformName: WINDOWS, proxy: Proxy(), se:cdp: ws://localhost:55726/devtoo..., se:cdpVersion: 107.0.5304.107, setWindowRect: true, strictFileInteractability: false, timeouts: {implicit: 0, pageLoad: 300000, script: 30000}, unhandledPromptBehavior: dismiss and notify, webauthn:extension:credBlob: true, webauthn:extension:largeBlob: true, webauthn:virtualAuthenticators: true}
Element: [[ChromeDriver: chrome on WINDOWS (47dab1c18ef334f2622523200b7675e5)] -&amp;gt; xpath: //*[@aria-label=&amp;apos;Your profile&amp;apos;]]
Session ID: 47dab1c18ef334f2622523200b7675e5">
      <![CDATA[org.openqa.selenium.ElementClickInterceptedException: element click intercepted: Element <svg aria-label="Your profile" class="x3ajldb" data-visualcompletion="ignore-dynamic" role="img" style="height:40px;width:40px">...</svg> is not clickable at point (1483, 28). Other element would receive the click: <div class="x1uvtmcs x4k7w5x x1h91t0o x1beo9mf xaigb6o x12ejxvf x3igimt xarpa2k xedcshv x1lytzrv x1t2pt76 x7ja8zs x1n2onr6 x1qrby5j x1jfb8zj" tabindex="-1">...</div>
  (Session info: chrome=107.0.5304.107)
Build info: version: '4.5.0', revision: 'fe167b119a'
System info: os.name: 'Windows 11', os.arch: 'amd64', os.version: '10.0', java.version: '17.0.5'
Driver info: org.openqa.selenium.chrome.ChromeDriver
Command: [47dab1c18ef334f2622523200b7675e5, clickElement {id=3ba59cf0-beca-43cc-b4bd-287ee606eb29}]
Capabilities {acceptInsecureCerts: false, browserName: chrome, browserVersion: 107.0.5304.107, chrome: {chromedriverVersion: 107.0.5304.62 (1eec40d3a576..., userDataDir: C:\Users\nalla\AppData\Loca...}, goog:chromeOptions: {debuggerAddress: localhost:55726}, networkConnectionEnabled: false, pageLoadStrategy: normal, platformName: WINDOWS, proxy: Proxy(), se:cdp: ws://localhost:55726/devtoo..., se:cdpVersion: 107.0.5304.107, setWindowRect: true, strictFileInteractability: false, timeouts: {implicit: 0, pageLoad: 300000, script: 30000}, unhandledPromptBehavior: dismiss and notify, webauthn:extension:credBlob: true, webauthn:extension:largeBlob: true, webauthn:virtualAuthenticators: true}
Element: [[ChromeDriver: chrome on WINDOWS (47dab1c18ef334f2622523200b7675e5)] -> xpath: //*[@aria-label='Your profile']]
Session ID: 47dab1c18ef334f2622523200b7675e5
at org.openqa.selenium.remote.codec.w3c.W3CHttpResponseCodec.createException(W3CHttpResponseCodec.java:200)
at org.openqa.selenium.remote.codec.w3c.W3CHttpResponseCodec.decode(W3CHttpResponseCodec.java:133)
at org.openqa.selenium.remote.codec.w3c.W3CHttpResponseCodec.decode(W3CHttpResponseCodec.java:53)
at org.openqa.selenium.remote.HttpCommandExecutor.execute(HttpCommandExecutor.java:184)
at org.openqa.selenium.remote.service.DriverCommandExecutor.invokeExecute(DriverCommandExecutor.java:167)
at org.openqa.selenium.remote.service.DriverCommandExecutor.execute(DriverCommandExecutor.java:142)
at org.openqa.selenium.remote.RemoteWebDriver.execute(RemoteWebDriver.java:547)
at org.openqa.selenium.remote.RemoteWebElement.execute(RemoteWebElement.java:257)
at org.openqa.selenium.remote.RemoteWebElement.click(RemoteWebElement.java:78)
at testNG.FBLogin.tc_03(FBLogin.java:35)
at java.base/java.util.ArrayList.forEach(ArrayList.java:1511)
... Removed 32 stack frames]]>
    </failure>
  </testcase> <!-- tc_03 -->
  <testcase classname="testNG.SBI" name="f" time="17.188"/>
</testsuite> <!-- Test -->
