<?xml version="1.0" encoding="UTF-8"?>
<!-- Generated by org.testng.reporters.JUnitXMLReporter -->
<testsuite ignored="0" hostname="SeenaReddy" failures="1" tests="2" name="Test" time="0.06" errors="0" timestamp="2022-12-19T19:01:25 CST">
  <testcase classname="listeners.TestSample" name="test01" time="0.007"/>
  <testcase classname="listeners.TestSample" name="test02" time="0.01">
    <failure type="java.lang.AssertionError" message="expected [Apple] but found [apple]">
      <![CDATA[java.lang.AssertionError: expected [Apple] but found [apple]
at listeners.TestSample.test02(TestSample.java:21)
at java.base/java.util.ArrayList.forEach(ArrayList.java:1511)
... Removed 33 stack frames]]>
    </failure>
  </testcase> <!-- test02 -->
</testsuite> <!-- Test -->
