<?xml version="1.0" encoding="UTF-8"?>
<!-- Generated by org.testng.reporters.JUnitXMLReporter -->
<testsuite ignored="0" hostname="SeenaReddy" failures="0" tests="12" name="Test" time="15.179" errors="0" timestamp="2022-11-08T19:25:46 CST">
  <testcase classname="testNG.Annotation_3" name="a" time="0.007"/>
  <testcase classname="testNG.Annotation_3" name="f" time="0.004"/>
  <testcase classname="testNG.Annotation_3" name="m" time="0.001"/>
  <testcase classname="testNG.Annotation_2" name="c" time="0.001"/>
  <testcase classname="testNG.Annotation_2" name="f" time="0.002"/>
  <testcase classname="testNG.Annotation_2" name="a" time="0.003"/>
  <testcase classname="testNG.Annotation_2" name="z" time="0.002"/>
  <testcase classname="testNG.Annotation_1" name="a" time="0.001"/>
  <testcase classname="testNG.Annotation_1" name="c" time="0.001"/>
  <testcase classname="testNG.Annotation_1" name="f" time="0.002"/>
  <testcase classname="testNG.Annotation_1" name="z" time="0.001"/>
  <testcase classname="testNG.SBI" name="f" time="15.077"/>
</testsuite> <!-- Test -->
